<?xml version="1.0" encoding="utf-8"?><testsuites name="pytest tests"><testsuite name="pytest" errors="0" failures="0" skipped="0" tests="13" time="0.493" timestamp="2026-08-16T02:59:29.225935+00:00" hostname="agent-env-d38f23d4-ffcc-4195-8832-0ee65956de25"><testcase classname="tests.test_governed_buckets" name="test_total_count_is_15" time="0.153" /><testcase classname="tests.test_governed_buckets" name="test_every_record_has_17_governed_keys" time="0.000" /><testcase classname="tests.test_governed_buckets" name="test_bucket_distribution" time="0.000" /><testcase classname="tests.test_governed_buckets" name="test_ready_records[opp_001]" time="0.002" /><testcase classname="tests.test_governed_buckets" name="test_ready_records[opp_002]" time="0.002" /><testcase classname="tests.test_governed_buckets" name="test_ready_records[opp_004]" time="0.002" /><testcase classname="tests.test_governed_buckets" name="test_contacted_records[opp_008]" time="0.002" /><testcase classname="tests.test_governed_buckets" name="test_contacted_records[opp_009]" time="0.002" /><testcase classname="tests.test_governed_buckets" name="test_contacted_records[opp_011]" time="0.002" /><testcase classname="tests.test_governed_buckets" name="test_contacted_records[opp_015]" time="0.002" /><testcase classname="tests.test_governed_buckets" name="test_opp_005_paused_via_contact_readiness" time="0.001" /><testcase classname="tests.test_governed_buckets" name="test_no_legacy_fallback_opp_003_and_012" time="0.000" /><testcase classname="tests.test_governed_buckets" name="test_ready_ordering_by_governed_score" time="0.000" /></testsuite></testsuites>