<?xml version="1.0" encoding="utf-8"?><testsuites name="pytest tests"><testsuite name="pytest" errors="0" failures="0" skipped="0" tests="6" time="0.538" timestamp="2026-08-16T05:38:53.379231+00:00" hostname="agent-env-d38f23d4-ffcc-4195-8832-0ee65956de25"><testcase classname="tests.test_iteration_9_governed_leaks" name="test_total_18" time="0.158" /><testcase classname="tests.test_iteration_9_governed_leaks" name="test_bucket_distribution" time="0.000" /><testcase classname="tests.test_iteration_9_governed_leaks" name="test_qa_records[opp_greige-expected0]" time="0.003" /><testcase classname="tests.test_iteration_9_governed_leaks" name="test_qa_records[opp_louisiana-expected1]" time="0.002" /><testcase classname="tests.test_iteration_9_governed_leaks" name="test_qa_records[opp_sweeney-expected2]" time="0.002" /><testcase classname="tests.test_iteration_9_governed_leaks" name="test_ready_ordering" time="0.000" /></testsuite></testsuites>