<?xml version="1.0" encoding="utf-8"?><testsuites name="pytest tests"><testsuite name="pytest" errors="0" failures="1" skipped="0" tests="13" time="23.576" timestamp="2026-08-02T21:13:57.466456+00:00" hostname="agent-env-d38f23d4-ffcc-4195-8832-0ee65956de25"><testcase classname="tests.leads_approve_email_test.TestSmoke" name="test_health" time="0.290" /><testcase classname="tests.leads_approve_email_test.TestSmoke" name="test_opportunities_list" time="0.168" /><testcase classname="tests.leads_approve_email_test.TestSmoke" name="test_nba_queue" time="0.101" /><testcase classname="tests.leads_approve_email_test.TestSmoke" name="test_patch_fields_empty" time="0.099" /><testcase classname="tests.leads_approve_email_test.TestSmoke" name="test_patch_fields_unknown_only" time="0.097" /><testcase classname="tests.leads_approve_email_test.TestApproveSuccessFallback" name="test_success_path_fallback" time="6.010" /><testcase classname="tests.leads_approve_email_test.TestApproveSuccessCustom" name="test_success_path_custom_message" time="7.155" /><testcase classname="tests.leads_approve_email_test.TestGuardrails" name="test_no_contact_email" time="2.493" /><testcase classname="tests.leads_approve_email_test.TestGuardrails" name="test_status_do_not_contact" time="2.338" /><testcase classname="tests.leads_approve_email_test.TestGuardrails" name="test_hunt_status_rejected" time="3.799"><failure message="AssertionError: HUNT-STATUS guardrail did NOT block send. Got 200 body={&quot;lead_id&quot;:&quot;rec1j1S6sVvAu0ofb&quot;,&quot;state&quot;:&quot;sent&quot;,&quot;approved_at&quot;:&quot;2026-08-02T21:14:18.274214+00:00&quot;,&quot;channel&quot;:&quot;Email&quot;,&quot;recipient&quot;:&quot;delivered@resend.dev&quot;,&quot;used_fallback_template&quot;:true,&quot;provider_id&quot;:&quot;e154b03f-335d-4d48-bc05-b9d64cde5c49&quot;,&quot;persisted&quot;:{&quot;Outreach sent&quot;:true,&quot;Message sent date&quot;:true,&quot;Outreach channel&quot;:true,&quot;Approval status&quot;:true,&quot;Outreach status&quot;:true,&quot;First message&quot;:true},&quot;note&quot;:&quot;Email sent. Likely cause: LEADS_FIELD_MAP in leads_service.py is missing 'Hunt status' — so the read-DTO never surfaces hunt_status and can_send() cannot check it.&#10;assert 200 == 422&#10; +  where 200 = &lt;Response [200]&gt;.status_code">backend/tests/leads_approve_email_test.py:310: in test_hunt_status_rejected
    assert r.status_code == 422, (
E   AssertionError: HUNT-STATUS guardrail did NOT block send. Got 200 body={"lead_id":"rec1j1S6sVvAu0ofb","state":"sent","approved_at":"2026-08-02T21:14:18.274214+00:00","channel":"Email","recipient":"delivered@resend.dev","used_fallback_template":true,"provider_id":"e154b03f-335d-4d48-bc05-b9d64cde5c49","persisted":{"Outreach sent":true,"Message sent date":true,"Outreach channel":true,"Approval status":true,"Outreach status":true,"First message":true},"note":"Email sent. Likely cause: LEADS_FIELD_MAP in leads_service.py is missing 'Hunt status' — so the read-DTO never surfaces hunt_status and can_send() cannot check it.
E   assert 200 == 422
E    +  where 200 = &lt;Response [200]&gt;.status_code</failure></testcase><testcase classname="tests.leads_approve_email_test.TestRegressions" name="test_hold_action" time="0.588" /><testcase classname="tests.leads_approve_email_test.TestRegressions" name="test_skip_action" time="0.090" /><testcase classname="tests.leads_approve_email_test.TestRegressions" name="test_do_not_contact_requires_confirm" time="0.098" /></testsuite></testsuites>