<?xml version="1.0" encoding="utf-8"?><testsuites name="pytest tests"><testsuite name="pytest" errors="0" failures="0" skipped="0" tests="15" time="13.997" timestamp="2026-08-04T21:40:16.267141+00:00" hostname="agent-env-d38f23d4-ffcc-4195-8832-0ee65956de25"><testcase classname="tests.opportunities_sort_test.TestSortLeadScore" name="test_scored_before_unscored" time="0.619" /><testcase classname="tests.opportunities_sort_test.TestSortLeadScore" name="test_scored_desc" time="0.148" /><testcase classname="tests.opportunities_sort_test.TestSortLeadScore" name="test_ties_broken_by_freshness_desc" time="0.161" /><testcase classname="tests.opportunities_sort_test.TestSortFreshness" name="test_dateless_last" time="0.137" /><testcase classname="tests.opportunities_sort_test.TestSortFreshness" name="test_dates_desc" time="0.138" /><testcase classname="tests.opportunities_sort_test.TestSortConfidence" name="test_scored_before_unscored" time="0.174" /><testcase classname="tests.opportunities_sort_test.TestSortConfidence" name="test_scored_desc" time="0.148" /><testcase classname="tests.opportunities_sort_test.TestTop" name="test_top_limit_and_order" time="0.103" /><testcase classname="tests.opportunities_sort_test.TestTop" name="test_top_matches_full_list_prefix" time="0.252" /><testcase classname="tests.opportunities_sort_test.TestTopByLane" name="test_three_lanes" time="0.115" /><testcase classname="tests.opportunities_sort_test.TestNBA" name="test_nba_top_lead_score" time="0.126" /><testcase classname="tests.opportunities_sort_test.TestPatchFieldsRegression" name="test_patch_empty" time="0.121" /><testcase classname="tests.opportunities_sort_test.TestPatchFieldsRegression" name="test_patch_unknown_only" time="0.101" /><testcase classname="tests.opportunities_sort_test.TestHuntStatusGuardrail" name="test_dto_surfaces_hunt_status" time="0.119" /><testcase classname="tests.opportunities_sort_test.TestHuntStatusGuardrail" name="test_rejected_hunt_status_blocks_approve" time="11.279" /></testsuite></testsuites>