<?xml version="1.0" encoding="utf-8"?><testsuites name="pytest tests"><testsuite name="pytest" errors="0" failures="0" skipped="0" tests="6" time="8.439" timestamp="2026-08-02T20:29:02.289231+00:00" hostname="agent-env-d38f23d4-ffcc-4195-8832-0ee65956de25"><testcase classname="tests.opportunities_leads_test.TestPatchFields" name="test_empty_body_returns_current_dto" time="0.857" /><testcase classname="tests.opportunities_leads_test.TestPatchFields" name="test_unknown_only_body_silent_ignore" time="0.048" /><testcase classname="tests.opportunities_leads_test.TestPatchFields" name="test_next_follow_up_clear_via_empty_string" time="1.770" /><testcase classname="tests.opportunities_leads_test.TestPatchFields" name="test_status_ready_persists_via_typecast" time="1.837" /><testcase classname="tests.opportunities_leads_test.TestPatchFields" name="test_ryans_decision_investigating" time="1.807" /><testcase classname="tests.opportunities_leads_test.TestPatchFields" name="test_outcome_wrong_fit" time="1.708" /></testsuite></testsuites>